<?xml version="1.0" encoding="UTF-8"?>
<!-- Generated by org.testng.reporters.JUnitReportReporter -->
<testsuite hostname="PT-IN-HY-LP099" failures="0" tests="3" name="com.qa.skioffice.testcases.EmployeePageTest" time="0.006" errors="1" timestamp="2023-04-27T09:23:48 IST" skipped="2">
  <testcase classname="com.qa.skioffice.testcases.EmployeePageTest" name="employeeSetup" time="0.006">
    <error message="org.openqa.selenium.support.ui.WebDriverWait.&lt;init&gt;(Lorg/openqa/selenium/WebDriver;Ljava/time/Duration;)V" type="java.lang.NoSuchMethodError">
      <![CDATA[java.lang.NoSuchMethodError: org.openqa.selenium.support.ui.WebDriverWait.<init>(Lorg/openqa/selenium/WebDriver;Ljava/time/Duration;)V
at com.qa.skioffice.utils.ElementUtil.waitForElementVisible(ElementUtil.java:251)
at com.qa.skioffice.pages.Loginpage.doLogin(Loginpage.java:60)
at com.qa.skioffice.testcases.EmployeePageTest.employeeSetup(EmployeePageTest.java:13)
at java.base/jdk.internal.reflect.NativeMethodAccessorImpl.invoke0(Native Method)
at java.base/jdk.internal.reflect.NativeMethodAccessorImpl.invoke(NativeMethodAccessorImpl.java:62)
at java.base/jdk.internal.reflect.DelegatingMethodAccessorImpl.invoke(DelegatingMethodAccessorImpl.java:43)
at java.base/java.lang.reflect.Method.invoke(Method.java:566)
at org.testng.internal.MethodInvocationHelper.invokeMethod(MethodInvocationHelper.java:133)
at org.testng.internal.MethodInvocationHelper.invokeMethodConsideringTimeout(MethodInvocationHelper.java:62)
at org.testng.internal.ConfigInvoker.invokeConfigurationMethod(ConfigInvoker.java:385)
at org.testng.internal.ConfigInvoker.invokeConfigurations(ConfigInvoker.java:321)
at org.testng.internal.TestMethodWorker.invokeBeforeClassMethods(TestMethodWorker.java:176)
at org.testng.internal.TestMethodWorker.run(TestMethodWorker.java:122)
at java.base/java.util.ArrayList.forEach(ArrayList.java:1541)
at org.testng.TestRunner.privateRun(TestRunner.java:794)
at org.testng.TestRunner.run(TestRunner.java:596)
at org.testng.SuiteRunner.runTest(SuiteRunner.java:377)
at org.testng.SuiteRunner.runSequentially(SuiteRunner.java:371)
at org.testng.SuiteRunner.privateRun(SuiteRunner.java:332)
at org.testng.SuiteRunner.run(SuiteRunner.java:276)
at org.testng.SuiteRunnerWorker.runSuite(SuiteRunnerWorker.java:53)
at org.testng.SuiteRunnerWorker.run(SuiteRunnerWorker.java:96)
at org.testng.TestNG.runSuitesSequentially(TestNG.java:1212)
at org.testng.TestNG.runSuitesLocally(TestNG.java:1134)
at org.testng.TestNG.runSuites(TestNG.java:1063)
at org.testng.TestNG.run(TestNG.java:1031)
at org.testng.remote.AbstractRemoteTestNG.run(AbstractRemoteTestNG.java:115)
at org.testng.remote.RemoteTestNG.initAndRun(RemoteTestNG.java:251)
at org.testng.remote.RemoteTestNG.main(RemoteTestNG.java:77)
]]>
    </error>
  </testcase> <!-- employeeSetup -->
  <system-out/>
  <testcase classname="com.qa.skioffice.testcases.EmployeePageTest" name="employeeTabClick" time="0.000">
    <skipped/>
  </testcase> <!-- employeeTabClick -->
  <system-out/>
  <testcase classname="com.qa.skioffice.testcases.EmployeePageTest" name="EmployeesCount" time="0.000">
    <skipped/>
  </testcase> <!-- EmployeesCount -->
  <system-out/>
</testsuite> <!-- com.qa.skioffice.testcases.EmployeePageTest -->
