<?xml version="1.0" encoding="UTF-8"?>
<!-- Generated by org.testng.reporters.JUnitReportReporter -->
<testsuite hostname="PT-IN-HY-LP099" failures="0" tests="1" name="com.qa.skioffice.testcases.SanityTest" time="7.323" errors="0" timestamp="2023-04-27T13:46:23 IST" skipped="0">
  <testcase classname="com.qa.skioffice.testcases.SanityTest" name="VerifyLinks" time="7.323"/>
  <system-out/>
</testsuite> <!-- com.qa.skioffice.testcases.SanityTest -->
